<?xml version="1.0" encoding="utf-8" standalone="no"?>
<test-run id="2" testcasecount="6" result="Failed" total="1" passed="0" failed="1" inconclusive="0" skipped="0" asserts="0" engine-version="3.5.0.0" clr-version="4.0.30319.42000" start-time="2021-09-07 11:57:33Z" end-time="2021-09-07 11:58:08Z" duration="34.647019">
  <command-line><![CDATA[nunit3-console  Healenium.Selenium.Tests.dll -where "class=~CallbackTest"]]></command-line>
  <filter>
    <class re="1">CallbackTest</class>
  </filter>
  <test-suite type="Assembly" id="0-1008" name="Healenium.Selenium.Tests.dll" fullname="C:\Healenium\net testing\Healenuim.NET\tests\Healenium.Selenium.Tests\bin\Debug\Healenium.Selenium.Tests.dll" runstate="Runnable" testcasecount="6" result="Failed" site="Child" start-time="2021-09-07T11:57:33.9051256Z" end-time="2021-09-07T11:58:08.4575098Z" duration="34.551742" total="1" passed="0" failed="1" warnings="0" inconclusive="0" skipped="0" asserts="0">
    <environment framework-version="3.13.2.0" clr-version="4.0.30319.42000" os-version="Microsoft Windows NT 10.0.18363.0" platform="Win32NT" cwd="C:\Healenium\net testing\Healenuim.NET\tests\Healenium.Selenium.Tests\bin\Debug" machine-name="EPRUMOSL8055" user="Elena_Stepuro" user-domain="MOSCOW" culture="en-US" uiculture="en-US" os-architecture="x64" />
    <settings>
      <setting name="DisposeRunners" value="True" />
      <setting name="WorkDirectory" value="C:\Healenium\net testing\Healenuim.NET\tests\Healenium.Selenium.Tests\bin\Debug" />
      <setting name="ImageRuntimeVersion" value="4.0.30319" />
      <setting name="ImageTargetFrameworkName" value=".NETFramework,Version=v4.8" />
      <setting name="ImageRequiresX86" value="False" />
      <setting name="ImageRequiresDefaultAppDomainAssemblyResolver" value="False" />
      <setting name="NumberOfTestWorkers" value="4" />
    </settings>
    <properties>
      <property name="_PID" value="31164" />
      <property name="_APPDOMAIN" value="test-domain-" />
    </properties>
    <failure>
      <message><![CDATA[One or more child tests had errors]]></message>
    </failure>
    <test-suite type="TestSuite" id="0-1009" name="Healenium" fullname="Healenium" runstate="Runnable" testcasecount="6" result="Failed" site="Child" start-time="2021-09-07T11:57:33.9481231Z" end-time="2021-09-07T11:58:08.4555102Z" duration="34.507781" total="1" passed="0" failed="1" warnings="0" inconclusive="0" skipped="0" asserts="0">
      <failure>
        <message><![CDATA[One or more child tests had errors]]></message>
      </failure>
      <test-suite type="TestSuite" id="0-1010" name="Selenium" fullname="Healenium.Selenium" runstate="Runnable" testcasecount="6" result="Failed" site="Child" start-time="2021-09-07T11:57:33.9491258Z" end-time="2021-09-07T11:58:08.4445072Z" duration="34.495424" total="1" passed="0" failed="1" warnings="0" inconclusive="0" skipped="0" asserts="0">
        <failure>
          <message><![CDATA[One or more child tests had errors]]></message>
        </failure>
        <test-suite type="TestSuite" id="0-1011" name="Tests" fullname="Healenium.Selenium.Tests" runstate="Runnable" testcasecount="6" result="Failed" site="Child" start-time="2021-09-07T11:57:33.9491258Z" end-time="2021-09-07T11:58:08.4425138Z" duration="34.494066" total="1" passed="0" failed="1" warnings="0" inconclusive="0" skipped="0" asserts="0">
          <failure>
            <message><![CDATA[One or more child tests had errors]]></message>
          </failure>
          <test-suite type="TestSuite" id="0-1012" name="tests" fullname="Healenium.Selenium.Tests.tests" runstate="Runnable" testcasecount="6" result="Failed" site="Child" start-time="2021-09-07T11:57:33.9491258Z" end-time="2021-09-07T11:58:08.4385126Z" duration="34.489296" total="1" passed="0" failed="1" warnings="0" inconclusive="0" skipped="0" asserts="0">
            <failure>
              <message><![CDATA[One or more child tests had errors]]></message>
            </failure>
            <test-suite type="TestFixture" id="0-1000" name="CallbackTest" fullname="Healenium.Selenium.Tests.tests.CallbackTest" classname="Healenium.Selenium.Tests.tests.CallbackTest" runstate="Runnable" testcasecount="1" result="Failed" site="Child" start-time="2021-09-07T11:57:33.9561251Z" end-time="2021-09-07T11:58:08.4365165Z" duration="34.480866" total="1" passed="0" failed="1" warnings="0" inconclusive="0" skipped="0" asserts="0">
              <failure>
                <message><![CDATA[One or more child tests had errors]]></message>
              </failure>
              <test-case id="0-1001" name="TestElementFromShadowRoot" fullname="Healenium.Selenium.Tests.tests.CallbackTest.TestElementFromShadowRoot" methodname="TestElementFromShadowRoot" classname="Healenium.Selenium.Tests.tests.CallbackTest" runstate="Runnable" seed="1022929935" result="Failed" label="Error" start-time="2021-09-07T11:57:33.9711243Z" end-time="2021-09-07T11:58:07.3731976Z" duration="33.403067" asserts="0">
                <properties>
                  <property name="Description" value="Update locator for element from shadow root" />
                </properties>
                <failure>
                  <message><![CDATA[System.NullReferenceException : Object reference not set to an instance of an object.]]></message>
                  <stack-trace><![CDATA[   at OpenQA.Selenium.Remote.RemoteWebDriver.UnpackAndThrowOnError(Response errorResponse)
   at OpenQA.Selenium.Remote.RemoteWebDriver.Execute(String driverCommandToExecute, Dictionary`2 parameters)
   at OpenQA.Selenium.Remote.RemoteWebDriver.FindElement(String mechanism, String value)
   at Healenium.Selenium.Tests.tests.CallbackTest.TestElementFromShadowRoot() in C:\Healenium\net testing\Healenuim.NET\tests\Healenium.Selenium.Tests\tests\CallbackTest.cs:line 15]]></stack-trace>
                </failure>
              </test-case>
            </test-suite>
          </test-suite>
        </test-suite>
      </test-suite>
    </test-suite>
  </test-suite>
</test-run>